mode: atomic
github.com/vicenteherrera/psa-checker/pkg/analyzer/psaEvaluator.go:27.37,29.2 1 1
github.com/vicenteherrera/psa-checker/pkg/analyzer/psaEvaluator.go:34.94,49.16 12 8
github.com/vicenteherrera/psa-checker/pkg/analyzer/psaEvaluator.go:52.2,53.16 2 8
github.com/vicenteherrera/psa-checker/pkg/analyzer/psaEvaluator.go:57.2,62.6 2 8
github.com/vicenteherrera/psa-checker/pkg/analyzer/psaEvaluator.go:98.2,98.40 1 8
github.com/vicenteherrera/psa-checker/pkg/analyzer/psaEvaluator.go:102.2,102.22 1 8
github.com/vicenteherrera/psa-checker/pkg/analyzer/psaEvaluator.go:49.16,50.13 1 0
github.com/vicenteherrera/psa-checker/pkg/analyzer/psaEvaluator.go:53.16,54.13 1 0
github.com/vicenteherrera/psa-checker/pkg/analyzer/psaEvaluator.go:62.6,65.29 3 16
github.com/vicenteherrera/psa-checker/pkg/analyzer/psaEvaluator.go:69.3,69.17 1 8
github.com/vicenteherrera/psa-checker/pkg/analyzer/psaEvaluator.go:74.3,75.17 2 8
github.com/vicenteherrera/psa-checker/pkg/analyzer/psaEvaluator.go:81.3,82.17 2 8
github.com/vicenteherrera/psa-checker/pkg/analyzer/psaEvaluator.go:90.3,91.17 2 8
github.com/vicenteherrera/psa-checker/pkg/analyzer/psaEvaluator.go:95.3,95.49 1 8
github.com/vicenteherrera/psa-checker/pkg/analyzer/psaEvaluator.go:65.29,67.9 2 8
github.com/vicenteherrera/psa-checker/pkg/analyzer/psaEvaluator.go:69.17,71.14 2 0
github.com/vicenteherrera/psa-checker/pkg/analyzer/psaEvaluator.go:75.17,77.14 2 0
github.com/vicenteherrera/psa-checker/pkg/analyzer/psaEvaluator.go:82.17,86.12 3 0
github.com/vicenteherrera/psa-checker/pkg/analyzer/psaEvaluator.go:91.17,93.14 2 0
github.com/vicenteherrera/psa-checker/pkg/analyzer/psaEvaluator.go:98.40,100.3 1 0
github.com/vicenteherrera/psa-checker/pkg/analyzer/psaEvaluator.go:105.128,115.18 5 8
github.com/vicenteherrera/psa-checker/pkg/analyzer/psaEvaluator.go:181.2,188.25 5 7
github.com/vicenteherrera/psa-checker/pkg/analyzer/psaEvaluator.go:197.2,197.21 1 7
github.com/vicenteherrera/psa-checker/pkg/analyzer/psaEvaluator.go:116.13,120.21 4 3
github.com/vicenteherrera/psa-checker/pkg/analyzer/psaEvaluator.go:121.20,122.40 1 1
github.com/vicenteherrera/psa-checker/pkg/analyzer/psaEvaluator.go:126.3,129.42 4 1
github.com/vicenteherrera/psa-checker/pkg/analyzer/psaEvaluator.go:130.19,131.40 1 1
github.com/vicenteherrera/psa-checker/pkg/analyzer/psaEvaluator.go:135.3,138.41 4 1
github.com/vicenteherrera/psa-checker/pkg/analyzer/psaEvaluator.go:139.20,140.40 1 1
github.com/vicenteherrera/psa-checker/pkg/analyzer/psaEvaluator.go:144.3,147.42 4 1
github.com/vicenteherrera/psa-checker/pkg/analyzer/psaEvaluator.go:148.21,149.40 1 1
github.com/vicenteherrera/psa-checker/pkg/analyzer/psaEvaluator.go:153.3,156.43 4 1
github.com/vicenteherrera/psa-checker/pkg/analyzer/psaEvaluator.go:157.13,158.41 1 0
github.com/vicenteherrera/psa-checker/pkg/analyzer/psaEvaluator.go:162.3,165.35 4 0
github.com/vicenteherrera/psa-checker/pkg/analyzer/psaEvaluator.go:166.17,167.41 1 0
github.com/vicenteherrera/psa-checker/pkg/analyzer/psaEvaluator.go:171.3,174.56 4 0
github.com/vicenteherrera/psa-checker/pkg/analyzer/psaEvaluator.go:175.10,178.19 2 1
github.com/vicenteherrera/psa-checker/pkg/analyzer/psaEvaluator.go:122.40,125.4 2 0
github.com/vicenteherrera/psa-checker/pkg/analyzer/psaEvaluator.go:131.40,134.4 2 0
github.com/vicenteherrera/psa-checker/pkg/analyzer/psaEvaluator.go:140.40,143.4 2 0
github.com/vicenteherrera/psa-checker/pkg/analyzer/psaEvaluator.go:149.40,152.4 2 0
github.com/vicenteherrera/psa-checker/pkg/analyzer/psaEvaluator.go:158.41,161.4 2 0
github.com/vicenteherrera/psa-checker/pkg/analyzer/psaEvaluator.go:167.41,170.4 2 0
github.com/vicenteherrera/psa-checker/pkg/analyzer/psaEvaluator.go:188.25,189.26 1 77
github.com/vicenteherrera/psa-checker/pkg/analyzer/psaEvaluator.go:189.26,193.4 3 5
github.com/vicenteherrera/psa-checker/pkg/analyzer/client.go:16.54,21.2 1 0
github.com/vicenteherrera/psa-checker/pkg/analyzer/client.go:29.58,37.43 5 0
github.com/vicenteherrera/psa-checker/pkg/analyzer/client.go:60.2,63.22 3 0
github.com/vicenteherrera/psa-checker/pkg/analyzer/client.go:37.43,39.17 2 0
github.com/vicenteherrera/psa-checker/pkg/analyzer/client.go:39.17,42.4 2 0
github.com/vicenteherrera/psa-checker/pkg/analyzer/client.go:43.8,46.22 3 0
github.com/vicenteherrera/psa-checker/pkg/analyzer/client.go:49.3,49.27 1 0
github.com/vicenteherrera/psa-checker/pkg/analyzer/client.go:52.3,54.23 2 0
github.com/vicenteherrera/psa-checker/pkg/analyzer/client.go:46.22,48.4 1 0
github.com/vicenteherrera/psa-checker/pkg/analyzer/client.go:49.27,51.4 1 0
github.com/vicenteherrera/psa-checker/pkg/analyzer/client.go:54.23,56.4 1 0
